<?xml version="1.0" encoding="UTF-8"?>
<!-- Generated by org.testng.reporters.JUnitReportReporter -->
<testsuite hostname="Admin-PC" name="googleTest.GoogleTest" tests="1" failures="0" timestamp="14 Mar 2017 04:06:39 GMT" time="14.056" errors="0">
  <testcase name="sampletest" time="14.056" classname="googleTest.GoogleTest"/>
</testsuite> <!-- googleTest.GoogleTest -->
